<?xml version="1.0" encoding="UTF-8"?>
<!-- Generated by org.testng.reporters.JUnitReportReporter -->
<testsuite hostname="ATMECSBLRLT-082" failures="0" tests="2" name="org.atmecs.fuction_calling_orangehrm.testscript.OrangeHRMTestScript" time="49.258" errors="0" timestamp="12 Oct 2023 12:11:05 GMT" skipped="0">
  <testcase classname="org.atmecs.fuction_calling_orangehrm.testscript.OrangeHRMTestScript" name="launchApp" time="10.046"/>
  <testcase classname="org.atmecs.fuction_calling_orangehrm.testscript.OrangeHRMTestScript" name="pimTabActions" time="39.212"/>
</testsuite> <!-- org.atmecs.fuction_calling_orangehrm.testscript.OrangeHRMTestScript -->
