<?xml version="1.0" encoding="UTF-8"?>
<!-- Generated by org.testng.reporters.JUnitReportReporter -->
<testsuite hostname="ATMECSBLRLT-082" failures="0" tests="1" name="org.atmecs.fuction_calling_orangehrm.testscript.SampleTestScript" time="8.294" errors="0" timestamp="12 Oct 2023 10:20:57 GMT" skipped="0">
  <testcase classname="org.atmecs.fuction_calling_orangehrm.testscript.SampleTestScript" name="sampleTest" time="8.294"/>
</testsuite> <!-- org.atmecs.fuction_calling_orangehrm.testscript.SampleTestScript -->
